
2025-03-08 18:10:56,248 - INFO - Post created: 'Test Post' by admin
2025-03-08 18:10:58,380 - INFO - Post created: 'Test Post' by admin
2025-03-08 18:11:01,117 - INFO - Post created: 'Test Post' by admin
2025-03-08 18:11:50,089 - INFO - Comment created on Post ID 1 by admin
2025-03-08 18:39:00,972 - INFO - Comment created on Post ID 3 by admin
2025-03-08 18:39:57,155 - INFO - Post created: 'Test Post' by admin
2025-03-08 18:40:35,031 - INFO - Comment created on Post ID 4 by admin
2025-03-08 18:47:40,789 - INFO - Post created: 'Test Post' by lr.ojkborre
2025-03-08 18:47:46,565 - INFO - Comment created on Post ID 4 by lr.ojkborre
2025-03-08 19:05:17,271 - INFO - Comment created on Post ID 5 by lr.ojkborre
2025-03-08 21:26:35,609 - INFO - Post created: 'Test Post' by lr.ojkborre
2025-03-08 21:27:47,217 - INFO - Post created: 'Test Post' by lr.ojkborre
2025-03-08 21:28:07,515 - INFO - Post created: 'Test Post' by lr.ojkborre
2025-03-08 21:28:26,414 - INFO - Comment created on Post ID 5 by lr.ojkborre
2025-03-08 21:28:38,457 - INFO - Comment created on Post ID 5 by lr.ojkborre
2025-03-08 21:37:17,051 - INFO - Post created: 'Test Post' by admin
2025-03-10 11:30:37,210 - INFO - Cache miss: Fetching users list from database.
2025-03-10 11:30:37,226 - INFO - Cache set: Users list cached.
2025-03-10 11:31:26,388 - INFO - Cache hit: Fetching users list from cache.
2025-03-10 11:31:44,252 - INFO - Post created: 'Test Post' by admin
2025-03-10 11:47:19,103 - INFO - Cache miss: Fetching users list from database.
2025-03-10 11:47:19,108 - INFO - Cache set: Users list cached.
2025-03-10 11:47:41,498 - INFO - Cache miss: Fetching comments from database.
2025-03-10 11:47:41,501 - INFO - Cache set: Comments list cached.
2025-03-10 11:49:05,307 - INFO - Post created: 'Test Post' by admin
2025-03-10 11:49:17,406 - INFO - Cache miss: Fetching post 1 from database.
2025-03-10 11:49:17,409 - INFO - Cache set: Cached post 1.
2025-03-10 11:49:17,412 - INFO - Cache hit: Fetching post 1 from cache.
2025-03-10 11:49:17,437 - INFO - Cache invalidated: Post 1 updated.
2025-03-10 11:49:37,121 - INFO - Cache miss: Fetching post 2 from database.
2025-03-10 11:49:37,123 - INFO - Cache set: Cached post 2.
2025-03-10 11:49:37,126 - INFO - Cache hit: Fetching post 2 from cache.
2025-03-10 11:49:37,149 - INFO - Cache invalidated: Post 2 updated.
2025-03-10 11:49:58,993 - INFO - Cache miss: Fetching post 2 from database.
2025-03-10 11:49:58,995 - INFO - Cache set: Cached post 2.
2025-03-10 11:49:58,998 - INFO - Cache hit: Fetching post 2 from cache.
2025-03-10 11:49:59,016 - INFO - Cache invalidated: Post 2 updated.
2025-03-10 11:50:29,281 - INFO - Cache miss: Fetching post 2 from database.
2025-03-10 11:50:29,284 - INFO - Cache set: Cached post 2.
2025-03-10 11:50:29,288 - INFO - Cache hit: Fetching post 2 from cache.
2025-03-10 11:50:29,305 - INFO - Cache invalidated: Post 2 updated.
2025-03-10 11:51:25,749 - INFO - Cache invalidated: New comment added on post ID 1.
2025-03-10 11:51:25,750 - INFO - Comment created on Post ID 1 by admin
2025-03-10 12:15:17,200 - INFO - Cache miss: Fetching posts from database for page 1.
2025-03-10 12:15:17,222 - INFO - Cache set: Cached posts page 1.
2025-03-10 12:15:22,665 - INFO - Cache hit: Fetching posts page 1 from cache.
2025-03-10 12:15:28,358 - INFO - Cache miss: Fetching post 8 from database.
2025-03-10 12:15:32,962 - INFO - Cache miss: Fetching post 1 from database.
2025-03-10 12:15:32,972 - INFO - Cache set: Cached post 1.
2025-03-10 12:15:37,677 - INFO - Cache hit: Fetching posts page 1 from cache.
2025-03-10 12:15:49,508 - INFO - Cache miss: Fetching comments from database.
2025-03-10 12:15:49,511 - INFO - Cache set: Comments list cached.
2025-03-10 12:20:27,736 - INFO - Cache miss: Fetching users list from database.
2025-03-10 12:20:27,746 - INFO - Cache set: Cached paginated users list.
2025-03-10 12:20:31,214 - INFO - Cache miss: Fetching posts from database for page 1.
2025-03-10 12:20:31,218 - INFO - Cache set: Cached posts page 1.
2025-03-10 12:20:34,120 - INFO - Cache hit: Fetching posts page 1 from cache.
2025-03-10 12:21:47,560 - INFO - Cache hit: Fetching posts page 1 from cache.
2025-03-10 12:21:56,386 - INFO - Cache miss: Fetching post 1 from database.
2025-03-10 12:21:56,401 - INFO - Cache set: Cached post 1.
2025-03-10 12:22:08,939 - INFO - Cache miss: Fetching post 2 from database.
2025-03-10 12:22:08,948 - INFO - Cache set: Cached post 2.
2025-03-10 12:22:08,952 - INFO - Cache hit: Fetching post 2 from cache.
2025-03-10 12:22:08,985 - INFO - Cache invalidated: Post 2 updated.
2025-03-10 12:22:50,425 - INFO - Cache miss: Fetching posts from database for page 1.
2025-03-10 12:22:50,468 - INFO - Cache set: Cached posts page 1.
2025-03-10 12:23:44,451 - INFO - Cache miss: Fetching posts from database for page 1.
2025-03-10 12:23:44,483 - INFO - Cache set: Cached posts page 1.
2025-03-10 12:23:44,505 - INFO - Cache set: Cached paginated posts for page 1.
2025-03-10 12:24:09,026 - INFO - Cache hit: Returning cached paginated response for page 1.
2025-03-10 12:24:17,388 - INFO - Cache miss: Fetching profile for user 1 from database.
2025-03-10 12:24:17,415 - INFO - Cache set: Profile for user 1 cached.
2025-03-10 12:24:33,332 - INFO - Cache miss: Fetching user feed from database for user 1.
2025-03-10 12:24:33,356 - INFO - Cache set: Cached user feed page 1 for user 1.
2025-03-10 12:24:54,447 - INFO - Cache hit: Fetching user feed page 1 from cache for user 1.
2025-03-10 12:31:38,873 - INFO - Clearing all cached post pages...
2025-03-10 12:33:21,164 - INFO - Clearing all cached post pages...
2025-03-10 12:33:21,166 - INFO - Post created: 'Test Post' by admin
2025-03-10 12:33:38,082 - INFO - Cache miss: Fetching post 1 from database.
2025-03-10 12:33:38,092 - INFO - Cache set: Cached post 1.
2025-03-10 12:34:26,618 - INFO - Cache miss: Fetching user feed from database for user 1.
2025-03-10 12:34:26,644 - INFO - Cache set: Cached user feed page 1 for user 1.
2025-03-10 12:36:43,011 - INFO - Cache miss: Fetching user feed from database for user 1.
2025-03-10 12:36:43,041 - INFO - Cache set: Cached user feed page 1 for user 1.
2025-03-10 12:36:43,057 - INFO - Cache set: Cached paginated user feed for user 1 page 1.
2025-03-10 12:36:56,781 - INFO - Cache miss: Fetching posts from database for page 1.
2025-03-10 12:36:56,795 - INFO - Cache set: Cached posts page 1.
2025-03-10 12:36:56,809 - INFO - Cache set: Cached paginated posts for page 1.
2025-03-10 12:37:23,007 - INFO - Cache miss: Fetching posts from database for page 2.
2025-03-10 12:37:23,022 - INFO - Cache set: Cached posts page 2.
2025-03-10 12:37:23,040 - INFO - Cache set: Cached paginated posts for page 2.
2025-03-10 12:37:29,664 - INFO - Cache hit: Returning cached paginated response for user 1 page 1.
2025-03-10 12:37:40,575 - INFO - Cache invalidated: New comment added on post ID 1.
2025-03-10 12:37:40,576 - INFO - Comment created on Post ID 1 by admin
2025-03-10 12:37:44,653 - INFO - Cache miss: Fetching comments from database.
2025-03-10 12:37:44,655 - INFO - Cache set: Comments list cached.
2025-03-10 12:38:09,987 - INFO - Cache miss: Fetching users list from database.
2025-03-10 12:38:09,994 - INFO - Cache set: Cached paginated users list.
2025-03-10 12:38:20,733 - INFO - Cache hit: Returning cached paginated response for page 1.
2025-03-10 12:38:27,594 - INFO - Cache hit: Fetching comments from cache.
2025-03-10 12:38:43,398 - INFO - Cache miss: Fetching all users' followers from database.
2025-03-10 12:38:43,405 - INFO - Cache set: Cached all users' followers data.
2025-03-10 12:39:02,322 - INFO - Cache hit: Fetching all users' followers from cache.
2025-03-10 12:39:17,961 - INFO - Cache miss: Fetching user feed from database for user 1.
2025-03-10 12:39:17,992 - INFO - Cache set: Cached user feed page 1 for user 1.
2025-03-10 12:39:18,012 - INFO - Cache set: Cached paginated user feed for user 1 page 1.
